<?xml version="1.0" encoding="UTF-8"?>
<!-- Generated by org.testng.reporters.JUnitReportReporter -->
<testsuite hostname="MacBook-Air.local" failures="0" tests="6" name="personal.anand.qa.opencart.tests.AccountPageTest" time="16.905" errors="0" timestamp="2024-09-25T18:02:42 SGT" skipped="0">
  <testcase classname="personal.anand.qa.opencart.tests.AccountPageTest" name="accountHeadersTest" time="0.612"/>
  <system-out/>
  <testcase classname="personal.anand.qa.opencart.tests.AccountPageTest" name="accountPageTitleTest" time="0.009"/>
  <system-out/>
  <testcase classname="personal.anand.qa.opencart.tests.AccountPageTest" name="SearchTest" time="2.009"/>
  <system-out/>
  <testcase classname="personal.anand.qa.opencart.tests.AccountPageTest" name="SearchTest" time="6.210"/>
  <system-out/>
  <testcase classname="personal.anand.qa.opencart.tests.AccountPageTest" name="SearchTest" time="6.551"/>
  <system-out/>
  <testcase classname="personal.anand.qa.opencart.tests.AccountPageTest" name="SearchTest" time="1.514"/>
  <system-out/>
</testsuite> <!-- personal.anand.qa.opencart.tests.AccountPageTest -->
