<?xml version="1.0" encoding="UTF-8"?>
<!-- Generated by org.testng.reporters.JUnitReportReporter -->
<testsuite hostname="MacBook-Air.local" failures="0" tests="6" name="personal.anand.qa.opencart.tests.AccountPageTest" time="35.965" errors="0" timestamp="2024-10-21T15:48:38 SGT" skipped="0">
  <testcase classname="personal.anand.qa.opencart.tests.AccountPageTest" name="accountPageTitleTest" time="0.234"/>
  <system-out/>
  <testcase classname="personal.anand.qa.opencart.tests.AccountPageTest" name="accountHeadersTest" time="2.636"/>
  <system-out/>
  <testcase classname="personal.anand.qa.opencart.tests.AccountPageTest" name="SearchTest" time="5.857"/>
  <system-out/>
  <testcase classname="personal.anand.qa.opencart.tests.AccountPageTest" name="SearchTest" time="5.464"/>
  <system-out/>
  <testcase classname="personal.anand.qa.opencart.tests.AccountPageTest" name="SearchTest" time="5.159"/>
  <system-out/>
  <testcase classname="personal.anand.qa.opencart.tests.AccountPageTest" name="SearchTest" time="16.615"/>
  <system-out/>
</testsuite> <!-- personal.anand.qa.opencart.tests.AccountPageTest -->
