<?xml version="1.0" encoding="UTF-8"?>
<!-- Generated by org.testng.reporters.JUnitReportReporter -->
<testsuite hostname="MacBook-Air.local" failures="0" tests="2" name="personal.anand.qa.opencart.tests.LoginPageTest" time="4.756" errors="0" timestamp="2024-10-17T17:39:29 SGT" skipped="0">
  <testcase classname="personal.anand.qa.opencart.tests.LoginPageTest" name="loginPageTitleTest" time="0.225"/>
  <system-out/>
  <testcase classname="personal.anand.qa.opencart.tests.LoginPageTest" name="loginTest" time="4.531"/>
  <system-out/>
</testsuite> <!-- personal.anand.qa.opencart.tests.LoginPageTest -->
