<?xml version="1.0" encoding="UTF-8"?>
<!-- Generated by org.testng.reporters.JUnitReportReporter -->
<testsuite hostname="MacBook-Air.local" failures="0" tests="1" name="personal.anand.qa.opencart.tests.RegisterPageTest" time="7.946" errors="0" timestamp="2024-09-19T15:31:00 SGT" skipped="0">
  <testcase classname="personal.anand.qa.opencart.tests.RegisterPageTest" name="registerAccountTest" time="7.946"/>
</testsuite> <!-- personal.anand.qa.opencart.tests.RegisterPageTest -->
