<?xml version="1.0" encoding="UTF-8"?>
<!-- Generated by org.testng.reporters.JUnitReportReporter -->
<testsuite hostname="MacBook-Air.local" failures="0" tests="2" name="personal.anand.qa.opencart.tests.LoginPageTest" time="6.593" errors="0" timestamp="2024-09-11T17:36:44 SGT" skipped="0">
  <testcase classname="personal.anand.qa.opencart.tests.LoginPageTest" name="loginPageTitleTest" time="0.114"/>
  <testcase classname="personal.anand.qa.opencart.tests.LoginPageTest" name="loginTest" time="6.479"/>
</testsuite> <!-- personal.anand.qa.opencart.tests.LoginPageTest -->
