<?xml version="1.0" encoding="UTF-8"?>
<!-- Generated by org.testng.reporters.JUnitReportReporter -->
<testsuite hostname="MacBook-Air.local" failures="0" tests="2" name="personal.anand.qa.opencart.tests.LoginPageTest" time="9.324" errors="0" timestamp="2024-09-25T18:02:42 SGT" skipped="0">
  <testcase classname="personal.anand.qa.opencart.tests.LoginPageTest" name="loginPageTitleTest" time="1.952"/>
  <system-out/>
  <testcase classname="personal.anand.qa.opencart.tests.LoginPageTest" name="loginTest" time="7.372"/>
  <system-out/>
</testsuite> <!-- personal.anand.qa.opencart.tests.LoginPageTest -->
