<?xml version="1.0" encoding="UTF-8"?>
<!-- Generated by org.testng.reporters.JUnitReportReporter -->
<testsuite hostname="MacBook-Air.local" failures="0" tests="6" name="personal.anand.qa.opencart.tests.AccountPageTest" time="27.753" errors="0" timestamp="2024-10-17T17:39:29 SGT" skipped="0">
  <testcase classname="personal.anand.qa.opencart.tests.AccountPageTest" name="accountHeadersTest" time="2.189"/>
  <system-out/>
  <testcase classname="personal.anand.qa.opencart.tests.AccountPageTest" name="accountPageTitleTest" time="0.216"/>
  <system-out/>
  <testcase classname="personal.anand.qa.opencart.tests.AccountPageTest" name="SearchTest" time="6.537"/>
  <system-out/>
  <testcase classname="personal.anand.qa.opencart.tests.AccountPageTest" name="SearchTest" time="7.145"/>
  <system-out/>
  <testcase classname="personal.anand.qa.opencart.tests.AccountPageTest" name="SearchTest" time="6.272"/>
  <system-out/>
  <testcase classname="personal.anand.qa.opencart.tests.AccountPageTest" name="SearchTest" time="5.394"/>
  <system-out/>
</testsuite> <!-- personal.anand.qa.opencart.tests.AccountPageTest -->
