<?xml version="1.0" encoding="UTF-8"?>
<!-- Generated by org.testng.reporters.JUnitReportReporter -->
<testsuite hostname="MacBook-Air.local" failures="0" tests="2" name="personal.anand.qa.opencart.tests.LoginPageTest" time="15.638" errors="0" timestamp="2024-10-21T15:48:38 SGT" skipped="0">
  <testcase classname="personal.anand.qa.opencart.tests.LoginPageTest" name="loginPageTitleTest" time="0.245"/>
  <system-out/>
  <testcase classname="personal.anand.qa.opencart.tests.LoginPageTest" name="loginTest" time="15.393"/>
  <system-out/>
</testsuite> <!-- personal.anand.qa.opencart.tests.LoginPageTest -->
