<?xml version="1.0" encoding="UTF-8"?>
<!-- Generated by org.testng.reporters.JUnitReportReporter -->
<testsuite hostname="MacBook-Air.local" failures="0" tests="2" name="personal.anand.qa.opencart.tests.AccountPageTest" time="1.947" errors="0" timestamp="2024-09-11T17:36:44 SGT" skipped="0">
  <testcase classname="personal.anand.qa.opencart.tests.AccountPageTest" name="accountHeadersTest" time="1.936"/>
  <testcase classname="personal.anand.qa.opencart.tests.AccountPageTest" name="accountPageTitleTest" time="0.011"/>
</testsuite> <!-- personal.anand.qa.opencart.tests.AccountPageTest -->
