<?xml version="1.0" encoding="UTF-8"?>
<!-- Generated by org.testng.reporters.JUnitReportReporter -->
<testsuite hostname="MacBook-Air.local" failures="0" tests="1" name="personal.anand.qa.opencart.tests.RegisterPageTest" time="21.373" errors="0" timestamp="2024-10-21T15:48:38 SGT" skipped="0">
  <testcase classname="personal.anand.qa.opencart.tests.RegisterPageTest" name="registerAccountTest" time="21.373"/>
  <system-out/>
</testsuite> <!-- personal.anand.qa.opencart.tests.RegisterPageTest -->
